<?xml version="1.0" encoding="UTF-8"?>
<!-- Generated by org.testng.reporters.JUnitXMLReporter -->
<testsuite hostname="user-PC" ignored="4" name="Test1" tests="1" failures="0" timestamp="2020-04-19T14:51:35 IST" time="129.71" errors="0">
  <testcase name="Login" time="26.634" classname="regressionscripts.Invalid"/>
  <testcase name="@BeforeSuite setUp" time="0.0" classname="generic.Generic_Test">
    <ignored/>
  </testcase> <!-- @BeforeSuite setUp -->
  <testcase name="@BeforeSuite setUp" time="0.0" classname="generic.Generic_Test">
    <ignored/>
  </testcase> <!-- @BeforeSuite setUp -->
  <testcase name="@AfterSuite tearDown" time="0.0" classname="generic.Generic_Test">
    <ignored/>
  </testcase> <!-- @AfterSuite tearDown -->
  <testcase name="@AfterSuite tearDown" time="0.0" classname="generic.Generic_Test">
    <ignored/>
  </testcase> <!-- @AfterSuite tearDown -->
</testsuite> <!-- Test1 -->
