<?xml version="1.0" encoding="UTF-8"?>
<!-- Generated by org.testng.reporters.JUnitXMLReporter -->
<testsuite hostname="user-PC" ignored="2" name="Test1" tests="1" failures="0" timestamp="2020-04-24T15:05:43 IST" time="80.546" errors="0">
  <testcase name="Login" time="4.65" classname="regressionscripts.Invalid"/>
  <testcase name="@BeforeSuite setUp" time="0.0" classname="generic.Generic_Test">
    <ignored/>
  </testcase> <!-- @BeforeSuite setUp -->
  <testcase name="@AfterSuite tearDown" time="0.0" classname="generic.Generic_Test">
    <ignored/>
  </testcase> <!-- @AfterSuite tearDown -->
</testsuite> <!-- Test1 -->
