<?xml version="1.0" encoding="UTF-8"?>
<!-- Generated by org.testng.reporters.JUnitXMLReporter -->
<testsuite hostname="user-PC" ignored="2" name="Test" tests="3" failures="0" timestamp="2020-04-24T15:05:11 IST" time="48.587" errors="0">
  <testcase name="Login" time="7.968" classname="regressionscripts.Valid"/>
  <testcase name="Login" time="5.021" classname="regressionscripts.Valid"/>
  <testcase name="Login" time="14.183" classname="regressionscripts.Invalid"/>
  <testcase name="@BeforeSuite setUp" time="0.0" classname="generic.Generic_Test">
    <ignored/>
  </testcase> <!-- @BeforeSuite setUp -->
  <testcase name="@AfterSuite tearDown" time="0.0" classname="generic.Generic_Test">
    <ignored/>
  </testcase> <!-- @AfterSuite tearDown -->
</testsuite> <!-- Test -->
