<?xml version="1.0" encoding="UTF-8"?>
<testng-results skipped="0" failed="0" ignored="4" total="8" passed="4">
  <reporter-output>
  </reporter-output>
  <suite name="Suite" duration-ms="80546" started-at="2020-04-24T15:04:22 IST" finished-at="2020-04-24T15:05:43 IST">
    <groups>
    </groups>
    <test name="Test" duration-ms="48587" started-at="2020-04-24T15:04:22 IST" finished-at="2020-04-24T15:05:11 IST">
      <class name="regressionscripts.Valid">
        <test-method status="PASS" signature="openApp(java.lang.String)[pri:0, instance:regressionscripts.Valid@42eca56e]" name="openApp" is-config="true" duration-ms="11867" started-at="2020-04-24T15:04:23 IST" finished-at="2020-04-24T15:04:34 IST">
          <params>
            <param index="0">
              <value>
                <![CDATA[chrome]]>
              </value>
            </param>
          </params>
          <reporter-output>
          </reporter-output>
        </test-method> <!-- openApp -->
        <test-method status="PASS" signature="Login()[pri:0, instance:regressionscripts.Valid@42eca56e]" name="Login" duration-ms="7968" started-at="2020-04-24T15:04:34 IST" finished-at="2020-04-24T15:04:42 IST">
          <reporter-output>
          </reporter-output>
        </test-method> <!-- Login -->
        <test-method status="PASS" signature="closeApp(org.testng.ITestResult)[pri:0, instance:regressionscripts.Valid@42eca56e]" name="closeApp" is-config="true" duration-ms="1844" started-at="2020-04-24T15:04:42 IST" finished-at="2020-04-24T15:04:44 IST">
          <params>
            <param index="0">
              <value>
                <![CDATA[[TestResult name=Login status=SUCCESS method=Valid.Login()[pri:0, instance:regressionscripts.Valid@42eca56e] output={null}]]]>
              </value>
            </param>
          </params>
          <reporter-output>
          </reporter-output>
        </test-method> <!-- closeApp -->
      </class> <!-- regressionscripts.Valid -->
      <class name="regressionscripts.Invalid">
        <test-method status="PASS" signature="openApp(java.lang.String)[pri:0, instance:regressionscripts.Invalid@52f759d7]" name="openApp" is-config="true" duration-ms="10215" started-at="2020-04-24T15:04:44 IST" finished-at="2020-04-24T15:04:54 IST">
          <params>
            <param index="0">
              <value>
                <![CDATA[chrome]]>
              </value>
            </param>
          </params>
          <reporter-output>
          </reporter-output>
        </test-method> <!-- openApp -->
        <test-method status="PASS" signature="Login()[pri:0, instance:regressionscripts.Invalid@52f759d7]" name="Login" duration-ms="14183" started-at="2020-04-24T15:04:54 IST" finished-at="2020-04-24T15:05:09 IST">
          <reporter-output>
          </reporter-output>
        </test-method> <!-- Login -->
        <test-method status="PASS" signature="closeApp(org.testng.ITestResult)[pri:0, instance:regressionscripts.Invalid@52f759d7]" name="closeApp" is-config="true" duration-ms="2452" started-at="2020-04-24T15:05:09 IST" finished-at="2020-04-24T15:05:11 IST">
          <params>
            <param index="0">
              <value>
                <![CDATA[[TestResult name=Login status=SUCCESS method=Invalid.Login()[pri:0, instance:regressionscripts.Invalid@52f759d7] output={null}]]]>
              </value>
            </param>
          </params>
          <reporter-output>
          </reporter-output>
        </test-method> <!-- closeApp -->
      </class> <!-- regressionscripts.Invalid -->
    </test> <!-- Test -->
    <test name="Test1" duration-ms="80546" started-at="2020-04-24T15:04:22 IST" finished-at="2020-04-24T15:05:43 IST">
      <class name="regressionscripts.Valid">
        <test-method status="PASS" signature="setUp()[pri:0, instance:regressionscripts.Valid@782663d3]" name="setUp" is-config="true" duration-ms="173" started-at="2020-04-24T15:04:22 IST" finished-at="2020-04-24T15:04:22 IST">
          <reporter-output>
          </reporter-output>
        </test-method> <!-- setUp -->
        <test-method status="PASS" signature="openApp(java.lang.String)[pri:0, instance:regressionscripts.Valid@782663d3]" name="openApp" is-config="true" duration-ms="34602" started-at="2020-04-24T15:04:23 IST" finished-at="2020-04-24T15:04:57 IST">
          <params>
            <param index="0">
              <value>
                <![CDATA[firefox]]>
              </value>
            </param>
          </params>
          <reporter-output>
          </reporter-output>
        </test-method> <!-- openApp -->
        <test-method status="PASS" signature="Login()[pri:0, instance:regressionscripts.Valid@782663d3]" name="Login" duration-ms="5021" started-at="2020-04-24T15:04:57 IST" finished-at="2020-04-24T15:05:02 IST">
          <reporter-output>
          </reporter-output>
        </test-method> <!-- Login -->
        <test-method status="PASS" signature="closeApp(org.testng.ITestResult)[pri:0, instance:regressionscripts.Valid@782663d3]" name="closeApp" is-config="true" duration-ms="10874" started-at="2020-04-24T15:05:02 IST" finished-at="2020-04-24T15:05:13 IST">
          <params>
            <param index="0">
              <value>
                <![CDATA[[TestResult name=Login status=SUCCESS method=Valid.Login()[pri:0, instance:regressionscripts.Valid@782663d3] output={null}]]]>
              </value>
            </param>
          </params>
          <reporter-output>
          </reporter-output>
        </test-method> <!-- closeApp -->
        <test-method status="PASS" signature="tearDown()[pri:0, instance:regressionscripts.Valid@782663d3]" name="tearDown" is-config="true" duration-ms="640" started-at="2020-04-24T15:05:43 IST" finished-at="2020-04-24T15:05:44 IST">
          <reporter-output>
          </reporter-output>
        </test-method> <!-- tearDown -->
      </class> <!-- regressionscripts.Valid -->
      <class name="regressionscripts.Invalid">
        <test-method status="PASS" signature="openApp(java.lang.String)[pri:0, instance:regressionscripts.Invalid@1990a65e]" name="openApp" is-config="true" duration-ms="14681" started-at="2020-04-24T15:05:13 IST" finished-at="2020-04-24T15:05:28 IST">
          <params>
            <param index="0">
              <value>
                <![CDATA[firefox]]>
              </value>
            </param>
          </params>
          <reporter-output>
          </reporter-output>
        </test-method> <!-- openApp -->
        <test-method status="PASS" signature="Login()[pri:0, instance:regressionscripts.Invalid@1990a65e]" name="Login" duration-ms="4650" started-at="2020-04-24T15:05:28 IST" finished-at="2020-04-24T15:05:32 IST">
          <reporter-output>
          </reporter-output>
        </test-method> <!-- Login -->
        <test-method status="PASS" signature="closeApp(org.testng.ITestResult)[pri:0, instance:regressionscripts.Invalid@1990a65e]" name="closeApp" is-config="true" duration-ms="10673" started-at="2020-04-24T15:05:32 IST" finished-at="2020-04-24T15:05:43 IST">
          <params>
            <param index="0">
              <value>
                <![CDATA[[TestResult name=Login status=SUCCESS method=Invalid.Login()[pri:0, instance:regressionscripts.Invalid@1990a65e] output={null}]]]>
              </value>
            </param>
          </params>
          <reporter-output>
          </reporter-output>
        </test-method> <!-- closeApp -->
      </class> <!-- regressionscripts.Invalid -->
    </test> <!-- Test1 -->
  </suite> <!-- Suite -->
</testng-results>
